[35m[Appium][39m Welcome to Appium v1.22.3
[35m[Appium][39m Non-default server args:
[35m[Appium][39m   port: 64672
[35m[Appium][39m   loglevel: info
[35m[Appium][39m   tmpDir: C:\Users\wahyu\AppData\Local\Temp\\Katalon\Appium\Temp1691934322667
[35m[Appium][39m   chromedriverPort: 64673
[35m[Appium][39m Deprecated server args:
[35m[Appium][39m   [31m--chromedriver-port[39m => --default-capabilities
[35m[Appium][39m Default capabilities, which will be added to each request unless overridden by desired capabilities:
[35m[Appium][39m   chromedriverPort: 64673
[35m[Appium][39m Appium REST http interface listener started on 0.0.0.0:64672
[35m[HTTP][39m [37m-->[39m [37mGET[39m [37m/wd/hub/status[39m
[35m[HTTP][39m [90m{}[39m
[35m[HTTP][39m [37m<-- GET /wd/hub/status [39m[32m200[39m [90m6 ms - 68[39m
[35m[HTTP][39m [90m[39m
[35m[HTTP][39m [37m-->[39m [37mGET[39m [37m/wd/hub/status[39m
[35m[HTTP][39m [90m{}[39m
[35m[HTTP][39m [37m<-- GET /wd/hub/status [39m[32m200[39m [90m1 ms - 68[39m
[35m[HTTP][39m [90m[39m
[35m[HTTP][39m [37m-->[39m [37mPOST[39m [37m/wd/hub/session[39m
[35m[HTTP][39m [90m{"desiredCapabilities":{"appActivity":".Settings","appPackage":"com.android.settings","newCommandTimeout":1800,"platformVersion":"11","automationName":"uiautomator2","autoGrantPermissions":true,"platformName":"Android","udid":"emulator-5554","deviceName":"emulator-5554 (Android SDK built for x86 - Android 11)","platform":"ANDROID","systemPort":8249},"capabilities":{"firstMatch":[{"appium:appActivity":".Settings","appium:appPackage":"com.android.settings","appium:autoGrantPermissions":true,"appium:automationName":"uiautomator2","appium:deviceName":"emulator-5554 (Android SDK built for x86 - Android 11)","appium:newCommandTimeout":1800,"platform":"ANDROID","platformName":"android","appium:platformVersion":"11","appium:systemPort":8249,"appium:udid":"emulator-5554"}]}}[39m
[35m[BaseDriver][39m The following capabilities are not standard capabilities and should have an extension prefix:
[35m[BaseDriver][39m   platform
[35m[BaseDriver][39m   chromedriverPort
[35m[Appium][39m Appium v1.22.3 creating new AndroidUiautomator2Driver (v1.70.1) session
[35m[BaseDriver][39m The following capabilities were provided, but are not recognized by Appium:
[35m[BaseDriver][39m   platform
[35m[BaseDriver][39m Session created with session id: a7844402-5071-427b-8f79-7996758cf3a2
[35m[UiAutomator2][39m Starting 'com.android.settings' directly on the device
[35m[ADB][39m Found 2 'build-tools' folders under 'C:\Users\wahyu\AppData\Local\Android\Sdk' (newest first):
[35m[ADB][39m     C:/Users/wahyu/AppData/Local/Android/Sdk/build-tools/33.0.2
[35m[ADB][39m     C:/Users/wahyu/AppData/Local/Android/Sdk/build-tools/30.0.3
[35m[ADB][39m Using 'adb.exe' from 'C:\Users\wahyu\AppData\Local\Android\Sdk\platform-tools\adb.exe'
[35m[AndroidDriver][39m Retrieving device list
[35m[AndroidDriver][39m Using device: emulator-5554
[35m[ADB][39m Using 'adb.exe' from 'C:\Users\wahyu\AppData\Local\Android\Sdk\platform-tools\adb.exe'
[35m[ADB][39m Getting device platform version
[35m[UiAutomator2][39m Relaxing hidden api policy
[35m[AndroidDriver][39m No app sent in, not parsing package/activity
[35m[ADB][39m Using 'apksigner.jar' from 'C:\Users\wahyu\AppData\Local\Android\Sdk\build-tools\33.0.2\lib\apksigner.jar'
[35m[ADB][39m 'C:\Users\wahyu\AppData\Roaming\npm\node_modules\appium\node_modules\appium-uiautomator2-server\apks\appium-uiautomator2-server-v4.27.0.apk' is signed with the default certificate
[35m[ADB][39m 'C:\Users\wahyu\AppData\Roaming\npm\node_modules\appium\node_modules\appium-uiautomator2-server\apks\appium-uiautomator2-server-debug-androidTest.apk' is signed with the default certificate
[35m[UiAutomator2][39m Server packages are not going to be (re)installed
[35m[ADB][39m Adding packages ["io.appium.settings","io.appium.uiautomator2.server","io.appium.uiautomator2.server.test"] to Doze whitelist
[35m[UiAutomator2][39m Starting UIAutomator2 server 4.27.0
[35m[UiAutomator2][39m Using UIAutomator2 server from 'C:\Users\wahyu\AppData\Roaming\npm\node_modules\appium\node_modules\appium-uiautomator2-server\apks\appium-uiautomator2-server-v4.27.0.apk' and test from 'C:\Users\wahyu\AppData\Roaming\npm\node_modules\appium\node_modules\appium-uiautomator2-server\apks\appium-uiautomator2-server-debug-androidTest.apk'
[35m[UiAutomator2][39m Waiting up to 30000ms for UiAutomator2 to be online...
[35m[WD Proxy][39m socket hang up
[35m[WD Proxy][39m socket hang up
[35m[WD Proxy][39m Determined the downstream protocol as 'W3C'
[35m[AndroidDriver][39m Screen already unlocked, doing nothing
[35m[UiAutomator2][39m Starting 'com.android.settings/.Settings and waiting for 'com.android.settings/.Settings'
[35m[Appium][39m New AndroidUiautomator2Driver session created successfully, session a7844402-5071-427b-8f79-7996758cf3a2 added to master session list
[35m[HTTP][39m [37m<-- POST /wd/hub/session [39m[32m200[39m [90m6709 ms - 1208[39m
[35m[HTTP][39m [90m[39m
[35m[HTTP][39m [37m-->[39m [37mGET[39m [37m/wd/hub/session/a7844402-5071-427b-8f79-7996758cf3a2[39m
[35m[HTTP][39m [90m{}[39m
[35m[HTTP][39m [37m<-- GET /wd/hub/session/a7844402-5071-427b-8f79-7996758cf3a2 [39m[32m200[39m [90m12 ms - 1162[39m
[35m[HTTP][39m [90m[39m
[35m[HTTP][39m [37m-->[39m [37mGET[39m [37m/wd/hub/session/a7844402-5071-427b-8f79-7996758cf3a2[39m
[35m[HTTP][39m [90m{}[39m
[35m[HTTP][39m [37m<-- GET /wd/hub/session/a7844402-5071-427b-8f79-7996758cf3a2 [39m[32m200[39m [90m13 ms - 1162[39m
[35m[HTTP][39m [90m[39m
[35m[HTTP][39m [37m-->[39m [37mGET[39m [37m/wd/hub/status[39m
[35m[HTTP][39m [90m{}[39m
[35m[HTTP][39m [37m<-- GET /wd/hub/status [39m[32m200[39m [90m1 ms - 68[39m
[35m[HTTP][39m [90m[39m
[35m[HTTP][39m [37m-->[39m [37mPOST[39m [37m/wd/hub/session/a7844402-5071-427b-8f79-7996758cf3a2/timeouts[39m
[35m[HTTP][39m [90m{"implicit":60000}[39m
[35m[HTTP][39m [37m<-- POST /wd/hub/session/a7844402-5071-427b-8f79-7996758cf3a2/timeouts [39m[32m200[39m [90m3 ms - 14[39m
[35m[HTTP][39m [90m[39m
[35m[HTTP][39m [37m-->[39m [37mGET[39m [37m/wd/hub/session/a7844402-5071-427b-8f79-7996758cf3a2/screenshot[39m
[35m[HTTP][39m [90m{}[39m
[35m[HTTP][39m [37m<-- GET /wd/hub/session/a7844402-5071-427b-8f79-7996758cf3a2/screenshot [39m[32m200[39m [90m487 ms - 248924[39m
[35m[HTTP][39m [90m[39m
[35m[HTTP][39m [37m-->[39m [37mGET[39m [37m/wd/hub/session/a7844402-5071-427b-8f79-7996758cf3a2/window/rect[39m
[35m[HTTP][39m [90m{}[39m
[35m[HTTP][39m [37m<-- GET /wd/hub/session/a7844402-5071-427b-8f79-7996758cf3a2/window/rect [39m[32m200[39m [90m15 ms - 50[39m
[35m[HTTP][39m [90m[39m
[35m[HTTP][39m [37m-->[39m [37mGET[39m [37m/wd/hub/session/a7844402-5071-427b-8f79-7996758cf3a2/appium/device/system_bars[39m
[35m[HTTP][39m [90m{}[39m
[35m[HTTP][39m [37m<-- GET /wd/hub/session/a7844402-5071-427b-8f79-7996758cf3a2/appium/device/system_bars [39m[32m200[39m [90m69 ms - 148[39m
[35m[HTTP][39m [90m[39m
[35m[HTTP][39m [37m-->[39m [37mPOST[39m [37m/wd/hub/session/a7844402-5071-427b-8f79-7996758cf3a2/appium/device/activate_app[39m
[35m[HTTP][39m [90m{"bundleId":"com.hm.gillcaptital"}[39m
[35m[HTTP][39m [37m<-- POST /wd/hub/session/a7844402-5071-427b-8f79-7996758cf3a2/appium/device/activate_app [39m[32m200[39m [90m425 ms - 14[39m
[35m[HTTP][39m [90m[39m
[35m[HTTP][39m [37m-->[39m [37mGET[39m [37m/wd/hub/session/a7844402-5071-427b-8f79-7996758cf3a2/source[39m
[35m[HTTP][39m [90m{}[39m
[35m[W3C (a7844402)][39m Driver proxy active, passing request on via HTTP proxy
[35m[WD Proxy][39m Replacing sessionId 74618c8c-72f9-4b0c-9b26-37063f507438 with a7844402-5071-427b-8f79-7996758cf3a2
[35m[HTTP][39m [37m<-- GET /wd/hub/session/a7844402-5071-427b-8f79-7996758cf3a2/source [39m[32m200[39m [90m1085 ms - 37495[39m
[35m[HTTP][39m [90m[39m
[35m[HTTP][39m [37m-->[39m [37mGET[39m [37m/wd/hub/session/a7844402-5071-427b-8f79-7996758cf3a2/screenshot[39m
[35m[HTTP][39m [90m{}[39m
[35m[HTTP][39m [37m<-- GET /wd/hub/session/a7844402-5071-427b-8f79-7996758cf3a2/screenshot [39m[32m200[39m [90m1291 ms - 2413206[39m
[35m[HTTP][39m [90m[39m
[35m[HTTP][39m [37m-->[39m [37mPOST[39m [37m/wd/hub/session/a7844402-5071-427b-8f79-7996758cf3a2/elements[39m
[35m[HTTP][39m [90m{"using":"xpath","value":"//*[@class = 'android.widget.TextView' and (@text = 'Sign in' or . = 'Sign in')]"}[39m
[35m[HTTP][39m [37m<-- POST /wd/hub/session/a7844402-5071-427b-8f79-7996758cf3a2/elements [39m[32m200[39m [90m619 ms - 139[39m
[35m[HTTP][39m [90m[39m
[35m[HTTP][39m [37m-->[39m [37mGET[39m [37m/wd/hub/session/a7844402-5071-427b-8f79-7996758cf3a2/source[39m
[35m[HTTP][39m [90m{}[39m
[35m[W3C (a7844402)][39m Driver proxy active, passing request on via HTTP proxy
[35m[WD Proxy][39m Replacing sessionId 74618c8c-72f9-4b0c-9b26-37063f507438 with a7844402-5071-427b-8f79-7996758cf3a2
[35m[HTTP][39m [37m<-- GET /wd/hub/session/a7844402-5071-427b-8f79-7996758cf3a2/source [39m[32m200[39m [90m158 ms - 42729[39m
[35m[HTTP][39m [90m[39m
[35m[HTTP][39m [37m-->[39m [37mGET[39m [37m/wd/hub/session/a7844402-5071-427b-8f79-7996758cf3a2/screenshot[39m
[35m[HTTP][39m [90m{}[39m
[35m[HTTP][39m [37m<-- GET /wd/hub/session/a7844402-5071-427b-8f79-7996758cf3a2/screenshot [39m[32m200[39m [90m301 ms - 132572[39m
[35m[HTTP][39m [90m[39m
[35m[HTTP][39m [37m-->[39m [37mGET[39m [37m/wd/hub/session/a7844402-5071-427b-8f79-7996758cf3a2/source[39m
[35m[HTTP][39m [90m{}[39m
[35m[W3C (a7844402)][39m Driver proxy active, passing request on via HTTP proxy
[35m[WD Proxy][39m Replacing sessionId 74618c8c-72f9-4b0c-9b26-37063f507438 with a7844402-5071-427b-8f79-7996758cf3a2
[35m[HTTP][39m [37m<-- GET /wd/hub/session/a7844402-5071-427b-8f79-7996758cf3a2/source [39m[32m200[39m [90m90 ms - 42729[39m
[35m[HTTP][39m [90m[39m
[35m[HTTP][39m [37m-->[39m [37mGET[39m [37m/wd/hub/session/a7844402-5071-427b-8f79-7996758cf3a2/screenshot[39m
[35m[HTTP][39m [90m{}[39m
[35m[HTTP][39m [37m<-- GET /wd/hub/session/a7844402-5071-427b-8f79-7996758cf3a2/screenshot [39m[32m200[39m [90m298 ms - 132634[39m
[35m[HTTP][39m [90m[39m
[35m[HTTP][39m [37m-->[39m [37mPOST[39m [37m/wd/hub/session/a7844402-5071-427b-8f79-7996758cf3a2/elements[39m
[35m[HTTP][39m [90m{"using":"xpath","value":"//*[@class = 'android.widget.EditText' and @resource-id = 'email' and (@text = '' or . = '')]"}[39m
[35m[HTTP][39m [37m<-- POST /wd/hub/session/a7844402-5071-427b-8f79-7996758cf3a2/elements [39m[32m200[39m [90m162 ms - 139[39m
[35m[HTTP][39m [90m[39m
[35m[HTTP][39m [37m-->[39m [37mPOST[39m [37m/wd/hub/session/a7844402-5071-427b-8f79-7996758cf3a2/elements[39m
[35m[HTTP][39m [90m{"using":"xpath","value":"//*[@class = 'android.widget.EditText' and @resource-id = 'pass' and (@text = '' or . = '')]"}[39m
[35m[HTTP][39m [37m<-- POST /wd/hub/session/a7844402-5071-427b-8f79-7996758cf3a2/elements [39m[32m200[39m [90m185 ms - 139[39m
[35m[HTTP][39m [90m[39m
[35m[HTTP][39m [37m-->[39m [37mPOST[39m [37m/wd/hub/session/a7844402-5071-427b-8f79-7996758cf3a2/elements[39m
[35m[HTTP][39m [90m{"using":"xpath","value":"//*[@class = 'android.widget.Button' and (@text = 'SIGN IN' or . = 'SIGN IN') and @resource-id = 'send2']"}[39m
[35m[HTTP][39m [37m<-- POST /wd/hub/session/a7844402-5071-427b-8f79-7996758cf3a2/elements [39m[32m200[39m [90m151 ms - 139[39m
[35m[HTTP][39m [90m[39m
[35m[HTTP][39m [37m-->[39m [37mGET[39m [37m/wd/hub/session/a7844402-5071-427b-8f79-7996758cf3a2/source[39m
[35m[HTTP][39m [90m{}[39m
[35m[W3C (a7844402)][39m Driver proxy active, passing request on via HTTP proxy
[35m[WD Proxy][39m Replacing sessionId 74618c8c-72f9-4b0c-9b26-37063f507438 with a7844402-5071-427b-8f79-7996758cf3a2
[35m[HTTP][39m [37m<-- GET /wd/hub/session/a7844402-5071-427b-8f79-7996758cf3a2/source [39m[32m200[39m [90m91 ms - 40211[39m
[35m[HTTP][39m [90m[39m
[35m[HTTP][39m [37m-->[39m [37mGET[39m [37m/wd/hub/session/a7844402-5071-427b-8f79-7996758cf3a2/screenshot[39m
[35m[HTTP][39m [90m{}[39m
[35m[HTTP][39m [37m<-- GET /wd/hub/session/a7844402-5071-427b-8f79-7996758cf3a2/screenshot [39m[32m200[39m [90m361 ms - 187636[39m
[35m[HTTP][39m [90m[39m
[35m[HTTP][39m [37m-->[39m [37mGET[39m [37m/wd/hub/session/a7844402-5071-427b-8f79-7996758cf3a2/source[39m
[35m[HTTP][39m [90m{}[39m
[35m[W3C (a7844402)][39m Driver proxy active, passing request on via HTTP proxy
[35m[WD Proxy][39m Replacing sessionId 74618c8c-72f9-4b0c-9b26-37063f507438 with a7844402-5071-427b-8f79-7996758cf3a2
[35m[HTTP][39m [37m<-- GET /wd/hub/session/a7844402-5071-427b-8f79-7996758cf3a2/source [39m[32m200[39m [90m98 ms - 42778[39m
[35m[HTTP][39m [90m[39m
[35m[HTTP][39m [37m-->[39m [37mGET[39m [37m/wd/hub/session/a7844402-5071-427b-8f79-7996758cf3a2/screenshot[39m
[35m[HTTP][39m [90m{}[39[35m[BaseDriver][39m Shutting down because we waited 1800 seconds for a command
[35m[Appium][39m Closing session, cause was 'New Command Timeout of 1800 seconds expired. Try customizing the timeout using the 'newCommandTimeout' desired capability'
[35m[Appium][39m Removing session '8de03e05-4a03-4ce6-a642-5180d1184112' from our master session list
[35m[UiAutomator2][39m Unable to force stop app: Error executing adbExec. Original error: 'Command 'C:\\Users\\wahyu\\AppData\\Local\\Android\\Sdk\\platform-tools\\adb.exe -P 5037 -s 07326331BJ000282 shell am force-stop com.android.settings' exited with code 1'; Command output: adb.exe: device '07326331BJ000282' not found
[35m[UiAutomator2][39m 
[35m[ADB][39m Error sending command, reconnecting device and retrying: forward,--remove,tcp:8289
[35m[UiAutomator2][39m Unable to remove system port forward: Error executing adbExec. Original error: 'Command 'C:\\Users\\wahyu\\AppData\\Local\\Android\\Sdk\\platform-tools\\adb.exe -P 5037 -s 07326331BJ000282 forward --remove tcp\:8289' exited with code 1'; Command output: adb.exe: error: device '07326331BJ000282' not found
[35m[UiAutomator2][39m 
[35m[UiAutomator2][39m Restoring hidden api policy to the device default configuration
eenshot[39m
[35m[HTTP][39m [90m{}[39m
[35m[HTTP][39m [37m<-- GET /wd/hub/session/a7844402-5071-427b-8f79-7996758cf3a2/screenshot [39m[32m200[39m [90m309 ms - 186064[39m
[35m[HTTP][39m [90m[39m
[35m[HTTP][39m [37m-->[39m [37mPOST[39m [37m/wd/hub/session/a7844402-5071-427b-8f79-7996758cf3a2/elements[39m
[35m[HTTP][39m [90m{"using":"xpath","value":"//*[@class = 'android.widget.TextView' and (@text = 'Personal details' or . = 'Personal details')]"}[39m
[35m[HTTP][39m [37m<-- POST /wd/hub/session/a7844402-5071-427b-8f79-7996758cf3a2/elements [39m[32m200[39m [90m151 ms - 139[39m
[35m[HTTP][39m [90m[39m
[35m[HTTP][39m [37m-->[39m [37mGET[39m [37m/wd/hub/session/a7844402-5071-427b-8f79-7996758cf3a2/source[39m
[35m[HTTP][39m [90m{}[39m
[35m[W3C (a7844402)][39m Driver proxy active, passing request on via HTTP proxy
[35m[WD Proxy][39m Replacing sessionId 74618c8c-72f9-4b0c-9b26-37063f507438 with a7844402-5071-427b-8f79-7996758cf3a2
[35m[HTTP][39m [37m<-- GET /wd/hub/session/a7844402-5071-427b-8f79-7996758cf3a2/source [39m[32m200[39m [90m100 ms - 36860[39m
[35m[HTTP][39m [90m[39m
[35m[HTTP][39m [37m-->[39m [37mGET[39m [37m/wd/hub/session/a7844402-5071-427b-8f79-7996758cf3a2/screenshot[39m
[35m[HTTP][39m [90m{}[39m
[35m[HTTP][39m [37m<-- GET /wd/hub/session/a7844402-5071-427b-8f79-7996758cf3a2/screenshot [39m[32m200[39m [90m348 ms - 200530[39m
[35m[HTTP][39m [90m[39m
[35m[HTTP][39m [37m-->[39m [37mPOST[39m [37m/wd/hub/session/a7844402-5071-427b-8f79-7996758cf3a2/elements[39m
[35m[HTTP][39m [90m{"using":"xpath","value":"//*[@class = 'android.view.View' and (@text = 'Please enter a valid email' or . = 'Please enter a valid email') and @resource-id = 'email-error']"}[39m
[35m[HTTP][39m [37m<-- POST /wd/hub/session/a7844402-5071-427b-8f79-7996758cf3a2/elements [39m[32m200[39m [90m135 ms - 139[39m
[35m[HTTP][39m [90m[39m
[35m[HTTP][39m [37m-->[39m [37mGET[39m [37m/wd/hub/session/a7844402-5071-427b-8f79-7996758cf3a2/source[39m
[35m[HTTP][39m [90m{}[39m
[35m[W3C (a7844402)][39m Driver proxy active, passing request on via HTTP proxy
[35m[WD Proxy][39m Replacing sessionId 74618c8c-72f9-4b0c-9b26-37063f507438 with a7844402-5071-427b-8f79-7996758cf3a2
[35m[HTTP][39m [37m<-- GET /wd/hub/session/a7844402-5071-427b-8f79-7996758cf3a2/source [39m[32m200[39m [90m81 ms - 43607[39m
[35m[HTTP][39m [90m[39m
[35m[HTTP][39m [37m-->[39m [37mGET[39m [37m/wd/hub/session/a7844402-5071-427b-8f79-7996758cf3a2/screenshot[39m
[35m[HTTP][39m [90m{}[39m
[35m[HTTP][39m [37m<-- GET /wd/hub/session/a7844402-5071-427b-8f79-7996758cf3a2/screenshot [39m[32m200[39m [90m331 ms - 159756[39m
[35m[HTTP][39m [90m[39m
[35m[HTTP][39m [37m-->[39m [37mPOST[39m [37m/wd/hub/session/a7844402-5071-427b-8f79-7996758cf3a2/elements[39m
[35m[HTTP][39m [90m{"using":"xpath","value":"//*[@class = 'android.widget.TextView' and (@text = 'Invalid login or password.' or . = 'Invalid login or password.')]"}[39m
[35m[HTTP][39m [37m<-- POST /wd/hub/session/a7844402-5071-427b-8f79-7996758cf3a2/elements [39m[32m200[39m [90m103 ms - 139[39m
[35m[HTTP][39m [90m[39m
[35m[HTTP][39m [37m-->[39m [37mGET[39m [37m/wd/hub/session/a7844402-5071-427b-8f79-7996758cf3a2/source[39m
[35m[HTTP][39m [90m{}[39m
[35m[W3C (a7844402)][39m Driver proxy active, passing request on via HTTP proxy
[35m[WD Proxy][39m Replacing sessionId 74618c8c-72f9-4b0c-9b26-37063f507438 with a7844402-5071-427b-8f79-7996758cf3a2
[35m[HTTP][39m [37m<-- GET /wd/hub/session/a7844402-5071-427b-8f79-7996758cf3a2/source [39m[32m200[39m [90m64 ms - 28764[39m
[35m[HTTP][39m [90m[39m
[35m[HTTP][39m [37m-->[39m [37mGET[39m [37m/wd/hub/session/a7844402-5071-427b-8f79-7996758cf3a2/screenshot[39m
[35m[HTTP][39m [90m{}[39m
[35m[HTTP][39m [37m<-- GET /wd/hub/session/a7844402-5071-427b-8f79-7996758cf3a2/screenshot [39m[32m200[39m [90m344 ms - 182464[39m
[35m[HTTP][39m [90m[39m
[35m[HTTP][39m [37m-->[39m [37mPOST[39m [37m/wd/hub/session/a7844402-5071-427b-8f79-7996758cf3a2/elements[39m
[35m[HTTP][39m [90m{"using":"xpath","value":"//*[@class = 'android.view.View' and (@text = 'This is a required field.' or . = 'This is a required field.') and @resource-id = 'pass-error']"}[39m
[35m[HTTP][39m [37m<-- POST /wd/hub/session/a7844402-5071-427b-8f79-7996758cf3a2/elements [39m[32m200[39m [90m89 ms - 139[39m
[35m[HTTP][39m [90m[39m
[35m[HTTP][39m [37m-->[39m [37mGET[39m [37m/wd/hub/session/a7844402-5071-427b-8f79-7996758cf3a2/source[39m
[35m[HTTP][39m [90m{}[39m
[35m[W3C (a7844402)][39m Driver proxy active, passing request on via HTTP proxy
[35m[WD Proxy][39m Replacing sessionId 74618c8c-72f9-4b0c-9b26-37063f507438 with a7844402-5071-427b-8f79-7996758cf3a2
[35m[HTTP][39m [37m<-- GET /wd/hub/session/a7844402-5071-427b-8f79-7996758cf3a2/source [39m[32m200[39m [90m66 ms - 38964[39m
[35m[HTTP][39m [90m[39m
[35m[HTTP][39m [37m-->[39m [37mGET[39m [37m/wd/hub/session/a7844402-5071-427b-8f79-7996758cf3a2/screenshot[39m
[35m[HTTP][39m [90m{}[39m
[35m[HTTP][39m [37m<-- GET /wd/hub/session/a7844402-5071-427b-8f79-7996758cf3a2/screenshot [39m[32m200[39m [90m292 ms - 197090[39m
[35m[HTTP][39m [90m[39m
[35m[HTTP][39m [37m-->[39m [37mPOST[39m [37m/wd/hub/session/a7844402-5071-427b-8f79-7996758cf3a2/elements[39m
[35m[HTTP][39m [90m{"using":"xpath","value":"//*[@class = 'android.view.View' and (@text = 'The password is too short' or . = 'The password is too short') and @resource-id = 'pass-error']"}[39m
[35m[HTTP][39m [37m<-- POST /wd/hub/session/a7844402-5071-427b-8f79-7996758cf3a2/elements [39m[32m200[39m [90m109 ms - 139[39m
[35m[HTTP][39m [90m[39m
[35m[BaseDriver][39m Shutting down because we waited 1800 seconds for a command
[35m[Appium][39m Closing session, cause was 'New Command Timeout of 1800 seconds expired. Try customizing the timeout using the 'newCommandTimeout' desired capability'
[35m[Appium][39m Removing session 'a7844402-5071-427b-8f79-7996758cf3a2' from our master session list
[35m[UiAutomator2][39m Restoring hidden api policy to the device default configuration
